<?xml version="1.0" encoding="UTF-8"?>
<testsuite name="com.gao.gomoku.counter.ChessCounterTest" tests="1" skipped="0" failures="0" errors="0" timestamp="2020-11-25T17:33:36" hostname="LAPTOP-EMBE90PE" time="0.004">
  <properties/>
  <testcase name="testWinning" classname="com.gao.gomoku.counter.ChessCounterTest" time="0.004"/>
  <system-out><![CDATA[]]></system-out>
  <system-err><![CDATA[]]></system-err>
</testsuite>
